<?xml version="1.0" encoding="UTF-8"?>
<!-- Generated by org.testng.reporters.JUnitXMLReporter -->
<testsuite hostname="Srikrishna" ignored="0" name="Default test" tests="5" failures="0" timestamp="31 May 2020 12:39:44 GMT" time="0.169" errors="0">
  <testcase name="launchBrowser" time="0.011" classname="TestNG.Gmail"/>
  <testcase name="loadGmail" time="0.003" classname="TestNG.Gmail"/>
  <testcase name="composeMail" time="0.001" classname="TestNG.Gmail"/>
  <testcase name="Logout" time="0.003" classname="TestNG.Gmail"/>
  <testcase name="closeDB" time="0.001" classname="TestNG.Gmail"/>
</testsuite> <!-- Default test -->
