<?xml version="1.0" encoding="UTF-8"?>
<testsuite xmlns:xsi="http://www.w3.org/2001/XMLSchema-instance" xsi:noNamespaceSchemaLocation="https://maven.apache.org/surefire/maven-surefire-plugin/xsd/surefire-test-report-3.0.xsd" version="3.0" name="TestSuite" time="7.947" tests="9" errors="0" skipped="0" failures="0">
  <properties>
[...]
</properties>
  <testcase name="launchBrowser" classname="TestNG.Gmail" time="0.005"/>
  <testcase name="launchBrowser" classname="TestNG.Yahoo" time="0.001"/>
  <testcase name="loadGmail" classname="TestNG.Gmail" time="0.002"/>
  <testcase name="loadYahoo" classname="TestNG.Yahoo" time="0"/>
  <testcase name="composeMail" classname="TestNG.Gmail" time="0.001"/>
  <testcase name="composeMail" classname="TestNG.Yahoo" time="0"/>
  <testcase name="Logout" classname="TestNG.Gmail" time="0.001"/>
  <testcase name="Logout" classname="TestNG.Yahoo" time="0.001"/>
  <testcase name="closeDB" classname="TestNG.Gmail" time="0.001"/>
</testsuite>