<?xml version="1.0" encoding="UTF-8"?>
<!-- Generated by org.testng.reporters.JUnitXMLReporter -->
<testsuite hostname="Srikrishna" ignored="0" name="Test Mail" tests="9" failures="0" timestamp="28 May 2020 13:43:22 GMT" time="0.234" errors="0">
  <testcase name="launchBrowser" time="0.009" classname="TestNG.Gmail"/>
  <testcase name="launchBrowser" time="0.001" classname="TestNG.Yahoo"/>
  <testcase name="loadGmail" time="0.005" classname="TestNG.Gmail"/>
  <testcase name="loadYahoo" time="0.003" classname="TestNG.Yahoo"/>
  <testcase name="composeMail" time="0.002" classname="TestNG.Gmail"/>
  <testcase name="composeMail" time="0.002" classname="TestNG.Yahoo"/>
  <testcase name="Logout" time="0.003" classname="TestNG.Gmail"/>
  <testcase name="Logout" time="0.002" classname="TestNG.Yahoo"/>
  <testcase name="closeDB" time="0.008" classname="TestNG.Gmail"/>
</testsuite> <!-- Test Mail -->
